<?xml version="1.0" encoding="UTF-8"?>
<testsuite name="com.bridgelabz.ParkingLotTest" tests="1" skipped="0" failures="0" errors="0" timestamp="2020-05-05T15:54:43" hostname="SHREE" time="0.014">
  <properties/>
  <testcase name="givenAVehicleToPark_WhenParkingLotIsFull_ShouldInformOwnerAndSecurity" classname="com.bridgelabz.ParkingLotTest" time="0.014"/>
  <system-out><![CDATA[AIRPORT SECURITY:PARKING LOT IS FULL
]]></system-out>
  <system-err><![CDATA[]]></system-err>
</testsuite>
