<?xml version="1.0" encoding="UTF-8"?>
<testsuite name="com.bridgelabz.ParkingLotTest" tests="2" skipped="0" failures="0" errors="0" timestamp="2020-05-05T05:21:41" hostname="SHREE" time="0.015">
  <properties/>
  <testcase name="givenAVehicle_WhenUnParkedFromParkingLot_ShouldReturnTrue" classname="com.bridgelabz.ParkingLotTest" time="0.005"/>
  <testcase name="givenAVehicleToPArk_WhenParkedInParkingLot_ShouldReturnTrue" classname="com.bridgelabz.ParkingLotTest" time="0.0"/>
  <system-out><![CDATA[]]></system-out>
  <system-err><![CDATA[]]></system-err>
</testsuite>
