<?xml version="1.0" encoding="UTF-8"?>
<testsuite name="com.bridgelabz.ParkingLotTest" tests="1" skipped="0" failures="0" errors="0" timestamp="2020-05-06T22:54:56" hostname="SHREE" time="0.124">
  <properties/>
  <testcase name="givenParkingLot_WhenNeedInformationOfAllVehicles_ShouldReturnVehiclesList" classname="com.bridgelabz.ParkingLotTest" time="0.124"/>
  <system-out><![CDATA[]]></system-out>
  <system-err><![CDATA[]]></system-err>
</testsuite>
